							************************
									 rapper_CoEvinit.out
							************************

Filename is rapper_CoEvinit.out.

This file contains primary output for SIENA project <<rapper_CoEvinit>>.

Date and time: 10/12/2018 6:46:13 PM 

RSiena version 1.2-12 (12 05 2018)


@1
Data input.
===========

3 observations,
71 actors,
1 dependent network variables,
0 dependent bipartite variables,
1 dependent behavior variables,
0 constant actor covariates,
0 exogenous changing actor covariates,
0 constant dyadic covariates,
0 exogenous changing dyadic covariates,
0 no files with times of composition change.


@2
Reading network variables.
--------------------------

Name of network variable: coop.
oneMode network.
For observation moment 1, degree distributions are as follows:
Nodes
 1  2  3  4  5  6  7  8  9 10 11 12 13 14 15 16 17 18 19 20 
21 22 23 24 25 26 27 28 29 30 31 32 33 34 35 36 37 38 39 40 
41 42 43 44 45 46 47 48 49 50 51 52 53 54 55 56 57 58 59 60 
61 62 63 64 65 66 67 68 69 70 71
out-degrees
 2  2  2  2  3  2  8  2  4  2  3  1  3  2  2  2  7  1  1  9 
 2  2  2  2  2  2  2  2  2  3  2  5  2  2  2  2  2  2  2  1 
 2  4  5  1  1  4  2  2  2  2  1  1  2  2  2  2  2  2  2  1 
 2  2  2  1  2  2  2  2  2  1  1
in-degrees
 2  2  2  2  3  2  8  2  4  2  3  1  3  2  2  2  7  1  1  9 
 2  2  2  2  2  2  2  2  2  3  2  5  2  2  2  2  2  2  2  1 
 2  4  5  1  1  4  2  2  2  2  1  1  2  2  2  2  2  2  2  1 
 2  2  2  1  2  2  2  2  2  1  1

No missing data for observation 1.

For observation moment 2, degree distributions are as follows:
Nodes
 1  2  3  4  5  6  7  8  9 10 11 12 13 14 15 16 17 18 19 20 
21 22 23 24 25 26 27 28 29 30 31 32 33 34 35 36 37 38 39 40 
41 42 43 44 45 46 47 48 49 50 51 52 53 54 55 56 57 58 59 60 
61 62 63 64 65 66 67 68 69 70 71
out-degrees
 2  2  2  2  3  2  8  2  4  2  3  1  3  2  2  2  7  1  1  9 
 2  2  2  2  2  2  2  2  2  3  2  5  2  2  2  2  2  2  2  1 
 2  4  5  1  1  4  2  2  2  2  1  1  2  2  2  2  2  2  2  1 
 2  2  2  1  2  2  2  2  2  1  1
in-degrees
 2  2  2  2  3  2  8  2  4  2  3  1  3  2  2  2  7  1  1  9 
 2  2  2  2  2  2  2  2  2  3  2  5  2  2  2  2  2  2  2  1 
 2  4  5  1  1  4  2  2  2  2  1  1  2  2  2  2  2  2  2  1 
 2  2  2  1  2  2  2  2  2  1  1

No missing data for observation 2.

For observation moment 3, degree distributions are as follows:
Nodes
 1  2  3  4  5  6  7  8  9 10 11 12 13 14 15 16 17 18 19 20 
21 22 23 24 25 26 27 28 29 30 31 32 33 34 35 36 37 38 39 40 
41 42 43 44 45 46 47 48 49 50 51 52 53 54 55 56 57 58 59 60 
61 62 63 64 65 66 67 68 69 70 71
out-degrees
 2  2  2  1  4  2 11  2  4  2  2  1  1  5  1  7  6  3  5  1 
 1 10  3  1  3  2  3  3  2  2  2  2  2  2  1  2  2  4  2  4 
 2  3  2  1  1  2  2  4  2  2  2  1  1  4  2  2  2  2  2  2 
 2  2  2  2  2  2  2  2  2  2  2
in-degrees
 2  2  2  1  4  2 11  2  4  2  2  1  1  5  1  7  6  3  5  1 
 1 10  3  1  3  2  3  3  2  2  2  2  2  2  1  2  2  4  2  4 
 2  3  2  1  1  2  2  4  2  2  2  1  1  4  2  2  2  2  2  2 
 2  2  2  2  2  2  2  2  2  2  2

No missing data for observation 3.





@2
Reading dependent actor variables.
----------------------------------

1st dependent actor variable named top.
Maximum and minimum rounded values are 0 and 1.


A total of 1 dependent actor variable.

Number of missing cases per observation:
 observation         1         2         3		overall
top                  0         0         0         0	  ( 0.0 %)

Means per observation:
 observation         1         2         3		overall
top                0.169     0.169     0.324     0.221


All network changes are upward for the following periods:
1 => 2;
This will be respected in the simulations.

All network changes are downward for the following periods:
1 => 2;
This will be respected in the simulations.

The mean structural dissimilarity value subtracted in the
balance calculations is         0.0639.

For the similarity variable calculated from each actor covariate,
the mean is subtracted.
These means are:
Similarity top                      :       0.7151 



@1
Initial data description.
=========================


@2
Change in networks:
-------------------

For the following statistics, missing values (if any) are not counted.
All   observed networks are symmetric.
Therefore, it is assumed that this is an analysis of an non-directed relation.

Network density indicators:
observation time              1      2      3
density                    0.033  0.033  0.036
average degree             2.310  2.310  2.535
number of ties                82     82     90
missing fraction           0.000  0.000  0.000

The average degree is 2.385 


Edge changes between subsequent observations:
 periods        0 =>  0   0 =>  1   1 =>  0   1 =>  1   Distance Jaccard   Missing
  1 ==>   2      2403         0         0        82         0     1.000         0 (0%)
  2 ==>   3      2336        67        59        23       252     0.154         0 (0%)

The distances reported in the output file for conditional estimation
 for the network variable refer to the total symmetric adjacency matrix,
 and therefore are double the distance reported above.)

Directed dyad Counts:
 observation    total    mutual    asymm.     null
     1.          4970      164         0      4806
     2.          4970      164         0      4806
     3.          4970      180         0      4790

Standard values for initial parameter values
-------------------------------------------------

constant coop rate (period 1)           0.1000 
constant coop rate (period 2)           7.2028 
degree (density)                                  -1.6253 



@2
Dependent actor variables:
--------------------------

top 


@3
Marginal distribution
                     
                Observations
values               1     2     3
                ------------------
  0                 59    59    48
  1                 12    12    23
No missings



@3
Changes
       
 periods    actors:  down   up   constant  missing  ;   steps:   down    up  total
  1  =>  2             3     3      65         0                    3     3     6
  2  =>  3             2    13      56         0                    2    13    15

For this variable, the standard initial behavioral tendency parameter is   0.6072

Initialisation of project <<rapper_CoEvinit>> executed succesfully.
